-------------------------------------------------------------------------------
Test set: com.example.SaleorderProductsService.SaleorderProductsServiceSearchTest
-------------------------------------------------------------------------------
Tests run: 9, Failures: 1, Errors: 0, Skipped: 0, Time elapsed: 0.386 s <<< FAILURE! -- in com.example.SaleorderProductsService.SaleorderProductsServiceSearchTest
com.example.SaleorderProductsService.SaleorderProductsServiceSearchTest.testSearchWithNullSearchModel -- Time elapsed: 0.099 s <<< FAILURE!
org.opentest4j.AssertionFailedError: Chỉ có một sản phẩm trong kết quả tìm kiếm ==> expected: <1> but was: <37>
	at org.junit.jupiter.api.AssertionFailureBuilder.build(AssertionFailureBuilder.java:151)
	at org.junit.jupiter.api.AssertionFailureBuilder.buildAndThrow(AssertionFailureBuilder.java:132)
	at org.junit.jupiter.api.AssertEquals.failNotEqual(AssertEquals.java:197)
	at org.junit.jupiter.api.AssertEquals.assertEquals(AssertEquals.java:150)
	at org.junit.jupiter.api.Assertions.assertEquals(Assertions.java:563)
	at com.example.SaleorderProductsService.SaleorderProductsServiceSearchTest.testSearchWithNullSearchModel(SaleorderProductsServiceSearchTest.java:124)
	at java.base/java.lang.reflect.Method.invoke(Method.java:566)
	at java.base/java.util.ArrayList.forEach(ArrayList.java:1541)
	at java.base/java.util.ArrayList.forEach(ArrayList.java:1541)

