-------------------------------------------------------------------------------
Test set: com.example.PromotionService.PromotionServiceCreateTest
-------------------------------------------------------------------------------
Tests run: 5, Failures: 3, Errors: 0, Skipped: 0, Time elapsed: 0.068 s <<< FAILURE! -- in com.example.PromotionService.PromotionServiceCreateTest
com.example.PromotionService.PromotionServiceCreateTest.testCreatePromotion_Fail_NameIsNull -- Time elapsed: 0.009 s <<< FAILURE!
org.opentest4j.AssertionFailedError: Test thất bại vì tham số null không được phép ==> expected: <false> but was: <true>
	at org.junit.jupiter.api.AssertionFailureBuilder.build(AssertionFailureBuilder.java:151)
	at org.junit.jupiter.api.AssertionFailureBuilder.buildAndThrow(AssertionFailureBuilder.java:132)
	at org.junit.jupiter.api.AssertFalse.failNotFalse(AssertFalse.java:63)
	at org.junit.jupiter.api.AssertFalse.assertFalse(AssertFalse.java:36)
	at org.junit.jupiter.api.Assertions.assertFalse(Assertions.java:239)
	at com.example.PromotionService.PromotionServiceCreateTest.testCreatePromotion_Fail_NameIsNull(PromotionServiceCreateTest.java:68)
	at java.base/java.lang.reflect.Method.invoke(Method.java:566)
	at java.base/java.util.ArrayList.forEach(ArrayList.java:1541)
	at java.base/java.util.ArrayList.forEach(ArrayList.java:1541)

com.example.PromotionService.PromotionServiceCreateTest.testCreatePromotion_Fail_PercentIsNull -- Time elapsed: 0.009 s <<< FAILURE!
org.opentest4j.AssertionFailedError: Test thất bại vì tham số null không được phép ==> expected: <false> but was: <true>
	at org.junit.jupiter.api.AssertionFailureBuilder.build(AssertionFailureBuilder.java:151)
	at org.junit.jupiter.api.AssertionFailureBuilder.buildAndThrow(AssertionFailureBuilder.java:132)
	at org.junit.jupiter.api.AssertFalse.failNotFalse(AssertFalse.java:63)
	at org.junit.jupiter.api.AssertFalse.assertFalse(AssertFalse.java:36)
	at org.junit.jupiter.api.Assertions.assertFalse(Assertions.java:239)
	at com.example.PromotionService.PromotionServiceCreateTest.testCreatePromotion_Fail_PercentIsNull(PromotionServiceCreateTest.java:107)
	at java.base/java.lang.reflect.Method.invoke(Method.java:566)
	at java.base/java.util.ArrayList.forEach(ArrayList.java:1541)
	at java.base/java.util.ArrayList.forEach(ArrayList.java:1541)

com.example.PromotionService.PromotionServiceCreateTest.testCreatePromotion_Fail_DatesAreNull -- Time elapsed: 0.009 s <<< FAILURE!
org.opentest4j.AssertionFailedError: Test thất bại vì tham số null không được phép ==> expected: <false> but was: <true>
	at org.junit.jupiter.api.AssertionFailureBuilder.build(AssertionFailureBuilder.java:151)
	at org.junit.jupiter.api.AssertionFailureBuilder.buildAndThrow(AssertionFailureBuilder.java:132)
	at org.junit.jupiter.api.AssertFalse.failNotFalse(AssertFalse.java:63)
	at org.junit.jupiter.api.AssertFalse.assertFalse(AssertFalse.java:36)
	at org.junit.jupiter.api.Assertions.assertFalse(Assertions.java:239)
	at com.example.PromotionService.PromotionServiceCreateTest.testCreatePromotion_Fail_DatesAreNull(PromotionServiceCreateTest.java:130)
	at java.base/java.lang.reflect.Method.invoke(Method.java:566)
	at java.base/java.util.ArrayList.forEach(ArrayList.java:1541)
	at java.base/java.util.ArrayList.forEach(ArrayList.java:1541)

