-------------------------------------------------------------------------------
Test set: com.example.CategoriesService.CategoriesServiceCreateTest
-------------------------------------------------------------------------------
Tests run: 5, Failures: 4, Errors: 0, Skipped: 0, Time elapsed: 0.075 s <<< FAILURE! -- in com.example.CategoriesService.CategoriesServiceCreateTest
com.example.CategoriesService.CategoriesServiceCreateTest.testCreateCategory_Fail_NameIsNull -- Time elapsed: 0.010 s <<< FAILURE!
org.opentest4j.AssertionFailedError: Tên danh mục không được phép null hoặc quá ngắn.
	at org.junit.jupiter.api.AssertionUtils.fail(AssertionUtils.java:38)
	at org.junit.jupiter.api.Assertions.fail(Assertions.java:138)
	at com.example.CategoriesService.CategoriesServiceCreateTest.testCreateCategory_Fail_NameIsNull(CategoriesServiceCreateTest.java:64)
	at java.base/java.lang.reflect.Method.invoke(Method.java:566)
	at java.base/java.util.ArrayList.forEach(ArrayList.java:1541)
	at java.base/java.util.ArrayList.forEach(ArrayList.java:1541)

com.example.CategoriesService.CategoriesServiceCreateTest.testCreateCategory_Fail_NameTooShort -- Time elapsed: 0.009 s <<< FAILURE!
org.opentest4j.AssertionFailedError: Tên danh mục quá ngắn.
	at org.junit.jupiter.api.AssertionUtils.fail(AssertionUtils.java:38)
	at org.junit.jupiter.api.Assertions.fail(Assertions.java:138)
	at com.example.CategoriesService.CategoriesServiceCreateTest.testCreateCategory_Fail_NameTooShort(CategoriesServiceCreateTest.java:83)
	at java.base/java.lang.reflect.Method.invoke(Method.java:566)
	at java.base/java.util.ArrayList.forEach(ArrayList.java:1541)
	at java.base/java.util.ArrayList.forEach(ArrayList.java:1541)

com.example.CategoriesService.CategoriesServiceCreateTest.testCreateCategory_Fail_DescriptionIsNull -- Time elapsed: 0.009 s <<< FAILURE!
org.opentest4j.AssertionFailedError: Mô tả không được phép null.
	at org.junit.jupiter.api.AssertionUtils.fail(AssertionUtils.java:38)
	at org.junit.jupiter.api.Assertions.fail(Assertions.java:138)
	at com.example.CategoriesService.CategoriesServiceCreateTest.testCreateCategory_Fail_DescriptionIsNull(CategoriesServiceCreateTest.java:103)
	at java.base/java.lang.reflect.Method.invoke(Method.java:566)
	at java.base/java.util.ArrayList.forEach(ArrayList.java:1541)
	at java.base/java.util.ArrayList.forEach(ArrayList.java:1541)

com.example.CategoriesService.CategoriesServiceCreateTest.testCreateCategory_Success_SeoIsNull -- Time elapsed: 0.010 s <<< FAILURE!
org.opentest4j.AssertionFailedError: SEO không được phép null.
	at org.junit.jupiter.api.AssertionUtils.fail(AssertionUtils.java:38)
	at org.junit.jupiter.api.Assertions.fail(Assertions.java:138)
	at com.example.CategoriesService.CategoriesServiceCreateTest.testCreateCategory_Success_SeoIsNull(CategoriesServiceCreateTest.java:124)
	at java.base/java.lang.reflect.Method.invoke(Method.java:566)
	at java.base/java.util.ArrayList.forEach(ArrayList.java:1541)
	at java.base/java.util.ArrayList.forEach(ArrayList.java:1541)

