-------------------------------------------------------------------------------
Test set: com.example.CategoriesBlogService.CategoriesBlogServiceUpdateTest
-------------------------------------------------------------------------------
Tests run: 6, Failures: 4, Errors: 0, Skipped: 0, Time elapsed: 0.105 s <<< FAILURE! -- in com.example.CategoriesBlogService.CategoriesBlogServiceUpdateTest
com.example.CategoriesBlogService.CategoriesBlogServiceUpdateTest.testUpdateCategoriesBlog_Fail_NameTooShort -- Time elapsed: 0.012 s <<< FAILURE!
org.opentest4j.AssertionFailedError: Không được cập nhật ==> expected: not equal but was: <AB>
	at org.junit.jupiter.api.AssertionFailureBuilder.build(AssertionFailureBuilder.java:152)
	at org.junit.jupiter.api.AssertionFailureBuilder.buildAndThrow(AssertionFailureBuilder.java:132)
	at org.junit.jupiter.api.AssertNotEquals.failEqual(AssertNotEquals.java:277)
	at org.junit.jupiter.api.AssertNotEquals.assertNotEquals(AssertNotEquals.java:263)
	at org.junit.jupiter.api.Assertions.assertNotEquals(Assertions.java:2832)
	at com.example.CategoriesBlogService.CategoriesBlogServiceUpdateTest.testUpdateCategoriesBlog_Fail_NameTooShort(CategoriesBlogServiceUpdateTest.java:97)
	at java.base/java.lang.reflect.Method.invoke(Method.java:566)
	at java.base/java.util.ArrayList.forEach(ArrayList.java:1541)
	at java.base/java.util.ArrayList.forEach(ArrayList.java:1541)

com.example.CategoriesBlogService.CategoriesBlogServiceUpdateTest.testUpdateCategoriesBlog_Fail_NameIsNull -- Time elapsed: 0.014 s <<< FAILURE!
org.opentest4j.AssertionFailedError: Dự kiến sẽ xảy ra lỗi PersistenceException khi tên để trống trong quá trình cập nhật ==> Expected javax.persistence.PersistenceException to be thrown, but nothing was thrown.
	at org.junit.jupiter.api.AssertionFailureBuilder.build(AssertionFailureBuilder.java:152)
	at org.junit.jupiter.api.AssertThrows.assertThrows(AssertThrows.java:73)
	at org.junit.jupiter.api.AssertThrows.assertThrows(AssertThrows.java:39)
	at org.junit.jupiter.api.Assertions.assertThrows(Assertions.java:3131)
	at com.example.CategoriesBlogService.CategoriesBlogServiceUpdateTest.testUpdateCategoriesBlog_Fail_NameIsNull(CategoriesBlogServiceUpdateTest.java:116)
	at java.base/java.lang.reflect.Method.invoke(Method.java:566)
	at java.base/java.util.ArrayList.forEach(ArrayList.java:1541)
	at java.base/java.util.ArrayList.forEach(ArrayList.java:1541)

com.example.CategoriesBlogService.CategoriesBlogServiceUpdateTest.testUpdateCategoriesBlog_Fail_DescriptionIsNull -- Time elapsed: 0.012 s <<< FAILURE!
org.opentest4j.AssertionFailedError: Dự kiến sẽ xảy ra lỗi PersistenceException khi mô tả để trống trong quá trình cập nhật ==> Expected javax.persistence.PersistenceException to be thrown, but nothing was thrown.
	at org.junit.jupiter.api.AssertionFailureBuilder.build(AssertionFailureBuilder.java:152)
	at org.junit.jupiter.api.AssertThrows.assertThrows(AssertThrows.java:73)
	at org.junit.jupiter.api.AssertThrows.assertThrows(AssertThrows.java:39)
	at org.junit.jupiter.api.Assertions.assertThrows(Assertions.java:3131)
	at com.example.CategoriesBlogService.CategoriesBlogServiceUpdateTest.testUpdateCategoriesBlog_Fail_DescriptionIsNull(CategoriesBlogServiceUpdateTest.java:135)
	at java.base/java.lang.reflect.Method.invoke(Method.java:566)
	at java.base/java.util.ArrayList.forEach(ArrayList.java:1541)
	at java.base/java.util.ArrayList.forEach(ArrayList.java:1541)

com.example.CategoriesBlogService.CategoriesBlogServiceUpdateTest.testUpdateCategoriesBlog_Success_SeoIsNull -- Time elapsed: 0.014 s <<< FAILURE!
org.opentest4j.AssertionFailedError: SEO Không được null ==> expected: not <null>
	at org.junit.jupiter.api.AssertionFailureBuilder.build(AssertionFailureBuilder.java:152)
	at org.junit.jupiter.api.AssertionFailureBuilder.buildAndThrow(AssertionFailureBuilder.java:132)
	at org.junit.jupiter.api.AssertNotNull.failNull(AssertNotNull.java:49)
	at org.junit.jupiter.api.AssertNotNull.assertNotNull(AssertNotNull.java:35)
	at org.junit.jupiter.api.Assertions.assertNotNull(Assertions.java:312)
	at com.example.CategoriesBlogService.CategoriesBlogServiceUpdateTest.testUpdateCategoriesBlog_Success_SeoIsNull(CategoriesBlogServiceUpdateTest.java:155)
	at java.base/java.lang.reflect.Method.invoke(Method.java:566)
	at java.base/java.util.ArrayList.forEach(ArrayList.java:1541)
	at java.base/java.util.ArrayList.forEach(ArrayList.java:1541)

