-------------------------------------------------------------------------------
Test set: com.example.CategoriesService.CategoriesServiceUpdateTest
-------------------------------------------------------------------------------
Tests run: 5, Failures: 3, Errors: 0, Skipped: 0, Time elapsed: 0.070 s <<< FAILURE! -- in com.example.CategoriesService.CategoriesServiceUpdateTest
com.example.CategoriesService.CategoriesServiceUpdateTest.testUpdateCategory_Fail_NonExistentId -- Time elapsed: 0.016 s <<< FAILURE!
org.opentest4j.AssertionFailedError: saveOrUpdate nên trả về null khi ID không tồn tại ==> expected: <null> but was: <beebooks.entities.Categories@5d7b1eb3>
	at org.junit.jupiter.api.AssertionFailureBuilder.build(AssertionFailureBuilder.java:151)
	at org.junit.jupiter.api.AssertionFailureBuilder.buildAndThrow(AssertionFailureBuilder.java:132)
	at org.junit.jupiter.api.AssertNull.failNotNull(AssertNull.java:50)
	at org.junit.jupiter.api.AssertNull.assertNull(AssertNull.java:35)
	at org.junit.jupiter.api.Assertions.assertNull(Assertions.java:287)
	at com.example.CategoriesService.CategoriesServiceUpdateTest.testUpdateCategory_Fail_NonExistentId(CategoriesServiceUpdateTest.java:83)
	at java.base/java.lang.reflect.Method.invoke(Method.java:566)
	at java.base/java.util.ArrayList.forEach(ArrayList.java:1541)
	at java.base/java.util.ArrayList.forEach(ArrayList.java:1541)

com.example.CategoriesService.CategoriesServiceUpdateTest.testUpdateCategory_Fail_DescriptionIsNull -- Time elapsed: 0.016 s <<< FAILURE!
org.opentest4j.AssertionFailedError: Test thất bại vì tham số null không được phép ==> expected: <false> but was: <true>
	at org.junit.jupiter.api.AssertionFailureBuilder.build(AssertionFailureBuilder.java:151)
	at org.junit.jupiter.api.AssertionFailureBuilder.buildAndThrow(AssertionFailureBuilder.java:132)
	at org.junit.jupiter.api.AssertFalse.failNotFalse(AssertFalse.java:63)
	at org.junit.jupiter.api.AssertFalse.assertFalse(AssertFalse.java:36)
	at org.junit.jupiter.api.Assertions.assertFalse(Assertions.java:239)
	at com.example.CategoriesService.CategoriesServiceUpdateTest.testUpdateCategory_Fail_DescriptionIsNull(CategoriesServiceUpdateTest.java:123)
	at java.base/java.lang.reflect.Method.invoke(Method.java:566)
	at java.base/java.util.ArrayList.forEach(ArrayList.java:1541)
	at java.base/java.util.ArrayList.forEach(ArrayList.java:1541)

com.example.CategoriesService.CategoriesServiceUpdateTest.testUpdateCategory_Fail_SeoIsNull -- Time elapsed: 0.009 s <<< FAILURE!
org.opentest4j.AssertionFailedError: Test thất bại vì tham số null không được phép ==> expected: <false> but was: <true>
	at org.junit.jupiter.api.AssertionFailureBuilder.build(AssertionFailureBuilder.java:151)
	at org.junit.jupiter.api.AssertionFailureBuilder.buildAndThrow(AssertionFailureBuilder.java:132)
	at org.junit.jupiter.api.AssertFalse.failNotFalse(AssertFalse.java:63)
	at org.junit.jupiter.api.AssertFalse.assertFalse(AssertFalse.java:36)
	at org.junit.jupiter.api.Assertions.assertFalse(Assertions.java:239)
	at com.example.CategoriesService.CategoriesServiceUpdateTest.testUpdateCategory_Fail_SeoIsNull(CategoriesServiceUpdateTest.java:145)
	at java.base/java.lang.reflect.Method.invoke(Method.java:566)
	at java.base/java.util.ArrayList.forEach(ArrayList.java:1541)
	at java.base/java.util.ArrayList.forEach(ArrayList.java:1541)

