-------------------------------------------------------------------------------
Test set: com.example.RoleService.RoleServiceLoadRoleByRoleNameTest
-------------------------------------------------------------------------------
Tests run: 8, Failures: 3, Errors: 0, Skipped: 0, Time elapsed: 0.171 s <<< FAILURE! -- in com.example.RoleService.RoleServiceLoadRoleByRoleNameTest
com.example.RoleService.RoleServiceLoadRoleByRoleNameTest.testLoadRoleByRoleName_Admin_Fail -- Time elapsed: 0.014 s <<< FAILURE!
org.opentest4j.AssertionFailedError: Role ADMIN không tồn tại, phải trả về null ==> expected: <null> but was: <beebooks.entities.Role@7306e150>
	at org.junit.jupiter.api.AssertionFailureBuilder.build(AssertionFailureBuilder.java:151)
	at org.junit.jupiter.api.AssertionFailureBuilder.buildAndThrow(AssertionFailureBuilder.java:132)
	at org.junit.jupiter.api.AssertNull.failNotNull(AssertNull.java:50)
	at org.junit.jupiter.api.AssertNull.assertNull(AssertNull.java:35)
	at org.junit.jupiter.api.Assertions.assertNull(Assertions.java:287)
	at com.example.RoleService.RoleServiceLoadRoleByRoleNameTest.testLoadRoleByRoleName_Admin_Fail(RoleServiceLoadRoleByRoleNameTest.java:56)
	at java.base/java.lang.reflect.Method.invoke(Method.java:566)
	at java.base/java.util.ArrayList.forEach(ArrayList.java:1541)
	at java.base/java.util.ArrayList.forEach(ArrayList.java:1541)

com.example.RoleService.RoleServiceLoadRoleByRoleNameTest.testLoadRoleByRoleName_Guest_Fail -- Time elapsed: 0.012 s <<< FAILURE!
org.opentest4j.AssertionFailedError: Role GUEST không tồn tại, phải trả về null ==> expected: <null> but was: <beebooks.entities.Role@bdcc7ad>
	at org.junit.jupiter.api.AssertionFailureBuilder.build(AssertionFailureBuilder.java:151)
	at org.junit.jupiter.api.AssertionFailureBuilder.buildAndThrow(AssertionFailureBuilder.java:132)
	at org.junit.jupiter.api.AssertNull.failNotNull(AssertNull.java:50)
	at org.junit.jupiter.api.AssertNull.assertNull(AssertNull.java:35)
	at org.junit.jupiter.api.Assertions.assertNull(Assertions.java:287)
	at com.example.RoleService.RoleServiceLoadRoleByRoleNameTest.testLoadRoleByRoleName_Guest_Fail(RoleServiceLoadRoleByRoleNameTest.java:88)
	at java.base/java.lang.reflect.Method.invoke(Method.java:566)
	at java.base/java.util.ArrayList.forEach(ArrayList.java:1541)
	at java.base/java.util.ArrayList.forEach(ArrayList.java:1541)

com.example.RoleService.RoleServiceLoadRoleByRoleNameTest.testLoadRoleByRoleName_Admin_NotFound_Add27 -- Time elapsed: 0.013 s <<< FAILURE!
org.opentest4j.AssertionFailedError: Role ADMIN không tồn tại, phải trả về null ==> expected: <null> but was: <beebooks.entities.Role@2c6dc332>
	at org.junit.jupiter.api.AssertionFailureBuilder.build(AssertionFailureBuilder.java:151)
	at org.junit.jupiter.api.AssertionFailureBuilder.buildAndThrow(AssertionFailureBuilder.java:132)
	at org.junit.jupiter.api.AssertNull.failNotNull(AssertNull.java:50)
	at org.junit.jupiter.api.AssertNull.assertNull(AssertNull.java:35)
	at org.junit.jupiter.api.Assertions.assertNull(Assertions.java:287)
	at com.example.RoleService.RoleServiceLoadRoleByRoleNameTest.testLoadRoleByRoleName_Admin_NotFound_Add27(RoleServiceLoadRoleByRoleNameTest.java:131)
	at java.base/java.lang.reflect.Method.invoke(Method.java:566)
	at java.base/java.util.ArrayList.forEach(ArrayList.java:1541)
	at java.base/java.util.ArrayList.forEach(ArrayList.java:1541)

