-------------------------------------------------------------------------------
Test set: com.example.PromotionService.PromotionServiceUpdateTest
-------------------------------------------------------------------------------
Tests run: 5, Failures: 3, Errors: 0, Skipped: 0, Time elapsed: 0.086 s <<< FAILURE! -- in com.example.PromotionService.PromotionServiceUpdateTest
com.example.PromotionService.PromotionServiceUpdateTest.testUpdatePromotion_Success -- Time elapsed: 0.012 s <<< FAILURE!
org.opentest4j.AssertionFailedError: Ngày cập nhật phải sau ngày tạo ==> expected: <true> but was: <false>
	at org.junit.jupiter.api.AssertionFailureBuilder.build(AssertionFailureBuilder.java:151)
	at org.junit.jupiter.api.AssertionFailureBuilder.buildAndThrow(AssertionFailureBuilder.java:132)
	at org.junit.jupiter.api.AssertTrue.failNotTrue(AssertTrue.java:63)
	at org.junit.jupiter.api.AssertTrue.assertTrue(AssertTrue.java:36)
	at org.junit.jupiter.api.Assertions.assertTrue(Assertions.java:214)
	at com.example.PromotionService.PromotionServiceUpdateTest.testUpdatePromotion_Success(PromotionServiceUpdateTest.java:65)
	at java.base/java.lang.reflect.Method.invoke(Method.java:566)
	at java.base/java.util.ArrayList.forEach(ArrayList.java:1541)
	at java.base/java.util.ArrayList.forEach(ArrayList.java:1541)

com.example.PromotionService.PromotionServiceUpdateTest.testUpdatePromotion_Fail_NameIsNull -- Time elapsed: 0.008 s <<< FAILURE!
org.opentest4j.AssertionFailedError: Test thất bại vì tham số null không được phép ==> expected: <false> but was: <true>
	at org.junit.jupiter.api.AssertionFailureBuilder.build(AssertionFailureBuilder.java:151)
	at org.junit.jupiter.api.AssertionFailureBuilder.buildAndThrow(AssertionFailureBuilder.java:132)
	at org.junit.jupiter.api.AssertFalse.failNotFalse(AssertFalse.java:63)
	at org.junit.jupiter.api.AssertFalse.assertFalse(AssertFalse.java:36)
	at org.junit.jupiter.api.Assertions.assertFalse(Assertions.java:239)
	at com.example.PromotionService.PromotionServiceUpdateTest.testUpdatePromotion_Fail_NameIsNull(PromotionServiceUpdateTest.java:131)
	at java.base/java.lang.reflect.Method.invoke(Method.java:566)
	at java.base/java.util.ArrayList.forEach(ArrayList.java:1541)
	at java.base/java.util.ArrayList.forEach(ArrayList.java:1541)

com.example.PromotionService.PromotionServiceUpdateTest.testUpdatePromotion_Fail_NullFields -- Time elapsed: 0.009 s <<< FAILURE!
org.opentest4j.AssertionFailedError: Test thất bại vì tham số null không được phép ==> expected: <false> but was: <true>
	at org.junit.jupiter.api.AssertionFailureBuilder.build(AssertionFailureBuilder.java:151)
	at org.junit.jupiter.api.AssertionFailureBuilder.buildAndThrow(AssertionFailureBuilder.java:132)
	at org.junit.jupiter.api.AssertFalse.failNotFalse(AssertFalse.java:63)
	at org.junit.jupiter.api.AssertFalse.assertFalse(AssertFalse.java:36)
	at org.junit.jupiter.api.Assertions.assertFalse(Assertions.java:239)
	at com.example.PromotionService.PromotionServiceUpdateTest.testUpdatePromotion_Fail_NullFields(PromotionServiceUpdateTest.java:160)
	at java.base/java.lang.reflect.Method.invoke(Method.java:566)
	at java.base/java.util.ArrayList.forEach(ArrayList.java:1541)
	at java.base/java.util.ArrayList.forEach(ArrayList.java:1541)

